Weixue/proguard/seeds.txt
com.zhanyun.ui.LearnedListActivity
com.zhanyun.ui.LearnedListActivity: LearnedListActivity()
com.zhanyun.ui.LoginActivity
com.zhanyun.ui.LoginActivity: LoginActivity()
com.zhanyun.ui.LoginActivity: void onClick(android.view.View)
com.zhanyun.ui.MainActivity
com.zhanyun.ui.MainActivity: MainActivity()
com.zhanyun.ui.MainActivity: void onClick(android.view.View)
com.zhanyun.ui.MyCollectionActivity
com.zhanyun.ui.MyCollectionActivity: MyCollectionActivity()
com.zhanyun.ui.MyCollectionActivity: void onClick(android.view.View)
com.zhanyun.ui.MyCommentActivity
com.zhanyun.ui.MyCommentActivity: MyCommentActivity()
com.zhanyun.ui.MyCommentActivity: void onClick(android.view.View)
com.zhanyun.ui.MyDataActivity
com.zhanyun.ui.MyDataActivity: MyDataActivity()
com.zhanyun.ui.MyDataActivity: void onClick(android.view.View)
com.zhanyun.ui.MyPostsActivity
com.zhanyun.ui.MyPostsActivity: MyPostsActivity()
com.zhanyun.ui.MyPostsActivity: void onClick(android.view.View)
com.zhanyun.ui.PagerActivity
com.zhanyun.ui.PagerActivity: PagerActivity()
com.zhanyun.ui.QuotationInfoActivity
com.zhanyun.ui.QuotationInfoActivity: QuotationInfoActivity()
com.zhanyun.ui.RechargeActivity
com.zhanyun.ui.RechargeActivity: RechargeActivity()
com.zhanyun.ui.RechargeActivity: void onClick(android.view.View)
com.zhanyun.ui.RechargeInfoActivity
com.zhanyun.ui.RechargeInfoActivity: RechargeInfoActivity()
com.zhanyun.ui.RechargeReturnActivity
com.zhanyun.ui.RechargeReturnActivity: RechargeReturnActivity()
com.zhanyun.ui.RechargeReturnActivity: void onClick(android.view.View)
com.zhanyun.ui.RechargeStyleActivity
com.zhanyun.ui.RechargeStyleActivity: RechargeStyleActivity()
com.zhanyun.ui.RechargeStyleActivity: void onClick(android.view.View)
com.zhanyun.ui.RegistrationActivity
com.zhanyun.ui.RegistrationActivity: RegistrationActivity()
com.zhanyun.ui.RegistrationActivity: void onClick(android.view.View)
com.zhanyun.ui.TabMenu_1
com.zhanyun.ui.TabMenu_1: TabMenu_1()
com.zhanyun.ui.TabMenu_2
com.zhanyun.ui.TabMenu_2: TabMenu_2()
com.zhanyun.ui.TabMenu_3
com.zhanyun.ui.TabMenu_3: TabMenu_3()
com.zhanyun.ui.TabMenu_4
com.zhanyun.ui.TabMenu_4: TabMenu_4()
com.zhanyun.ui.TabMenu_5
com.zhanyun.ui.TabMenu_5: TabMenu_5()
com.zhanyun.ui.VideoListActivity
com.zhanyun.ui.VideoListActivity: VideoListActivity()
com.zhanyun.ui.VideoPlayerActivity
com.zhanyun.ui.VideoPlayerActivity: VideoPlayerActivity()
com.zhanyun.ui.WriteReviewActivity
com.zhanyun.ui.WriteReviewActivity: WriteReviewActivity()
com.zhanyun.ui.WriteReviewActivity: void onClick(android.view.View)
javax.activation.ActivationDataFlavor
javax.activation.ActivationDataFlavor: java.lang.String mimeType
javax.activation.ActivationDataFlavor: javax.activation.MimeType mimeObject
javax.activation.ActivationDataFlavor: java.lang.String humanPresentableName
javax.activation.ActivationDataFlavor: java.lang.Class representationClass
javax.activation.ActivationDataFlavor: ActivationDataFlavor(java.lang.Class,java.lang.String,java.lang.String)
javax.activation.ActivationDataFlavor: ActivationDataFlavor(java.lang.Class,java.lang.String)
javax.activation.ActivationDataFlavor: ActivationDataFlavor(java.lang.String,java.lang.String)
javax.activation.ActivationDataFlavor: java.lang.String getMimeType()
javax.activation.ActivationDataFlavor: java.lang.Class getRepresentationClass()
javax.activation.ActivationDataFlavor: java.lang.String getHumanPresentableName()
javax.activation.ActivationDataFlavor: void setHumanPresentableName(java.lang.String)
javax.activation.ActivationDataFlavor: boolean equals(myjava.awt.datatransfer.DataFlavor)
javax.activation.ActivationDataFlavor: boolean isMimeTypeEqual(java.lang.String)
javax.activation.ActivationDataFlavor: java.lang.String normalizeMimeTypeParameter(java.lang.String,java.lang.String)
javax.activation.ActivationDataFlavor: java.lang.String normalizeMimeType(java.lang.String)