Weixue/proguard/mapping.txt
com.sun.mail.handlers.text_xml -> com.sun.mail.handlers.text_xml:
    javax.activation.ActivationDataFlavor myDF -> myDF
    java.lang.Class class$java$lang$String -> class$java$lang$String
    javax.activation.ActivationDataFlavor getDF() -> getDF
    java.lang.Class class$(java.lang.String) -> class$
com.sun.mail.iap.AString -> com.sun.mail.a.a:
    byte[] bytes -> a
com.sun.mail.iap.Argument -> com.sun.mail.a.b:
    java.util.Vector items -> a
    void append(com.sun.mail.iap.Argument) -> a
    void writeString(java.lang.String) -> a
    void writeString(java.lang.String,java.lang.String) -> a
    void writeBytes(com.sun.mail.iap.Literal) -> a
    void writeAtom(java.lang.String) -> b
    void writeNumber(int) -> a
    void writeNumber(long) -> a
    void writeArgument(com.sun.mail.iap.Argument) -> b
    void write(com.sun.mail.iap.Protocol) -> a
    void astring(byte[],com.sun.mail.iap.Protocol) -> a
    void literal(byte[],com.sun.mail.iap.Protocol) -> b
    void literal(java.io.ByteArrayOutputStream,com.sun.mail.iap.Protocol) -> a
    void literal(com.sun.mail.iap.Literal,com.sun.mail.iap.Protocol) -> a
    java.io.OutputStream startLiteral(com.sun.mail.iap.Protocol,int) -> a
com.sun.mail.iap.Atom -> com.sun.mail.a.c:
    java.lang.String string -> a
com.sun.mail.iap.BadCommandException -> com.sun.mail.a.d:
com.sun.mail.iap.ByteArray -> com.sun.mail.a.e:
    byte[] bytes -> a
    int start -> b
    int count -> c
    byte[] getBytes() -> a
    byte[] getNewBytes() -> b
    int getCount() -> c
    void setCount(int) -> a
    java.io.ByteArrayInputStream toByteArrayInputStream() -> d
    void grow(int) -> b
com.sun.mail.iap.CommandFailedException -> com.sun.mail.a.f:
com.sun.mail.iap.ConnectionException -> com.sun.mail.a.g:
    com.sun.mail.iap.Protocol p -> b
com.sun.mail.iap.Literal -> com.sun.mail.a.h:
    int size() -> a
    void writeTo(java.io.OutputStream) -> a
com.sun.mail.iap.LiteralException -> com.sun.mail.a.i:
com.sun.mail.iap.ParsingException -> com.sun.mail.a.j:
com.sun.mail.iap.Protocol -> com.sun.mail.a.k:
    java.lang.String host -> host
    java.net.Socket socket -> socket
    boolean debug -> debug
    boolean quote -> quote
    java.io.PrintStream out -> out
    java.util.Properties props -> props
    java.lang.String prefix -> prefix
    boolean connected -> connected
    com.sun.mail.util.TraceInputStream traceInput -> traceInput
    com.sun.mail.iap.ResponseInputStream input -> input
    com.sun.mail.util.TraceOutputStream traceOutput -> traceOutput
    java.io.DataOutputStream output -> output
    int tagCounter -> tagCounter
    java.lang.String localHostName -> localHostName
    java.util.Vector handlers -> handlers
    long timestamp -> timestamp
    byte[] CRLF -> CRLF
    void initStreams(java.io.PrintStream) -> initStreams
    long getTimestamp() -> getTimestamp
    void addResponseHandler(com.sun.mail.iap.ResponseHandler) -> addResponseHandler
    void removeResponseHandler(com.sun.mail.iap.ResponseHandler) -> removeResponseHandler
    void notifyResponseHandlers(com.sun.mail.iap.Response[]) -> notifyResponseHandlers
    void processGreeting(com.sun.mail.iap.Response) -> processGreeting
    com.sun.mail.iap.ResponseInputStream getInputStream() -> getInputStream
    java.io.OutputStream getOutputStream() -> getOutputStream
    boolean supportsNonSyncLiterals() -> supportsNonSyncLiterals
    com.sun.mail.iap.Response readResponse() -> readResponse
com.sun.mail.iap.ProtocolException -> com.sun.mail.a.l:
    com.sun.mail.iap.Response response -> a
    com.sun.mail.iap.Response getResponse() -> a