Weixue/proguard/usage.txt
com.zhanyun.pdfviewer.FlateDecode:
    33:33:public FlateDecode()
com.zhanyun.pdfviewer.FontSupport:
    27:27:public FontSupport()
    374:379:public static int findName(java.lang.String,int[])
    390:395:public static int getStrIndex(java.lang.String)
com.zhanyun.pdfviewer.FunctionType0
com.zhanyun.pdfviewer.FunctionType2
com.zhanyun.pdfviewer.FunctionType3
com.zhanyun.pdfviewer.FunctionType4
com.zhanyun.pdfviewer.FunctionType4$1
com.zhanyun.pdfviewer.FunctionType4$10
com.zhanyun.pdfviewer.FunctionType4$11
com.zhanyun.pdfviewer.FunctionType4$12
com.zhanyun.pdfviewer.FunctionType4$13
com.zhanyun.pdfviewer.FunctionType4$14
com.zhanyun.pdfviewer.FunctionType4$15
com.zhanyun.pdfviewer.FunctionType4$16
com.zhanyun.pdfviewer.FunctionType4$17
com.zhanyun.pdfviewer.FunctionType4$18
com.zhanyun.pdfviewer.FunctionType4$19
com.zhanyun.pdfviewer.FunctionType4$2
com.zhanyun.pdfviewer.FunctionType4$20
com.zhanyun.pdfviewer.FunctionType4$21
com.zhanyun.pdfviewer.FunctionType4$22
com.zhanyun.pdfviewer.FunctionType4$23
com.zhanyun.pdfviewer.FunctionType4$24
com.zhanyun.pdfviewer.FunctionType4$25
com.zhanyun.pdfviewer.FunctionType4$26
com.zhanyun.pdfviewer.FunctionType4$27
com.zhanyun.pdfviewer.FunctionType4$28
com.zhanyun.pdfviewer.FunctionType4$29
com.zhanyun.pdfviewer.FunctionType4$3
com.zhanyun.pdfviewer.FunctionType4$30
com.zhanyun.pdfviewer.FunctionType4$31
com.zhanyun.pdfviewer.FunctionType4$32
com.zhanyun.pdfviewer.FunctionType4$33
com.zhanyun.pdfviewer.FunctionType4$34
com.zhanyun.pdfviewer.FunctionType4$35
com.zhanyun.pdfviewer.FunctionType4$36
com.zhanyun.pdfviewer.FunctionType4$37
com.zhanyun.pdfviewer.FunctionType4$38
com.zhanyun.pdfviewer.FunctionType4$39
com.zhanyun.pdfviewer.FunctionType4$4
com.zhanyun.pdfviewer.FunctionType4$40
com.zhanyun.pdfviewer.FunctionType4$41
com.zhanyun.pdfviewer.FunctionType4$5
com.zhanyun.pdfviewer.FunctionType4$6
com.zhanyun.pdfviewer.FunctionType4$7
com.zhanyun.pdfviewer.FunctionType4$8
com.zhanyun.pdfviewer.FunctionType4$9
com.zhanyun.pdfviewer.FunctionType4$Expression
com.zhanyun.pdfviewer.FunctionType4$Operation
com.zhanyun.pdfviewer.Glyf:
    private boolean isCompound
    126:126:public boolean isCompound()
    133:134:protected void setCompound(boolean)
com.zhanyun.pdfviewer.GlyfCompound:
    private static final int ARG_1_AND_2_ARE_WORDS
    private static final int ARGS_ARE_XY_VALUES
    private static final int ROUND_XY_TO_GRID
    private static final int WE_HAVE_A_SCALE
    private static final int MORE_COMPONENTS
    private static final int WE_HAVE_AN_X_AND_Y_SCALE
    private static final int WE_HAVE_A_TWO_BY_TWO
    private static final int WE_HAVE_INSTRUCTIONS
    private static final int USE_MY_METRICS
    private static final int OVERLAP_COMPOUND
    166:166:public short getFlag(int)
    203:203:public int getCompoundPoint(int)
    210:210:public int getComponentPoint(int)
    217:217:public boolean argsAreWords(int)
    224:224:public boolean argsAreXYValues(int)
    231:231:public boolean roundXYToGrid(int)
    238:238:public boolean hasAScale(int)
    245:245:protected boolean moreComponents(int)
    252:252:protected boolean hasXYScale(int)
    259:259:protected boolean hasTwoByTwo(int)
    266:266:protected boolean hasInstructions(int)
    273:273:public boolean useMetrics(int)
    280:280:public boolean overlapCompound(int)
    294:294:public short getNumInstructions()
    301:301:public byte getInstruction(int)
com.zhanyun.pdfviewer.GlyfSimple:
    307:307:protected boolean repeat(int)
com.zhanyun.pdfviewer.GoToAction
com.zhanyun.pdfviewer.HexDump
com.zhanyun.pdfviewer.HmtxTable:
    65:65:public short getLeftSideBearing(int)
com.zhanyun.pdfviewer.Identity8BitCharsetEncoder
com.zhanyun.pdfviewer.IdentityDecrypter:
    52:52:public boolean isEncryptionPresent()
    56:56:public boolean isOwnerAuthorised()
com.zhanyun.pdfviewer.ImageInfo:
    34:35:public ImageInfo(int,int,android.graphics.RectF)